#
# A fatal error has been detected by the Java Runtime Environment:
#
#  Internal Error (0xe06d7363), pid=5724, tid=5720
#
# JRE version: 6.0_17-b04
# Java VM: Java HotSpot(TM) Client VM (14.3-b01 mixed mode windows-x86 )
# Problematic frame:
# C  [KERNELBASE.dll+0xc41f]
#
# If you would like to submit a bug report, please visit:
#   http://java.sun.com/webapps/bugreport/crash.jsp
# The crash happened outside the Java Virtual Machine in native code.
# See problematic frame for where to report the bug.
#

---------------  T H R E A D  ---------------

Current thread (0x06eee400):  JavaThread "main" [_thread_in_native, id=5720, stack(0x002d0000,0x00ad0000)]

siginfo: ExceptionCode=0xe06d7363, ExceptionInformation=0x19930520 0x00ac6ea4 0x00e7b93c 

Registers:
EAX=0x00ac6dc8, EBX=0x00010002, ECX=0x00000003, EDX=0x00000000
ESP=0x00ac6dc8, EBP=0x00ac6e18, ESI=0x00010002, EDI=0x7efbcb90
EIP=0x75bdc41f, EFLAGS=0x00000212

Top of Stack: (sp=0x00ac6dc8)
0x00ac6dc8:   e06d7363 00000001 00000000 75bdc41f
0x00ac6dd8:   00000003 19930520 00ac6ea4 00e7b93c
0x00ac6de8:   00ac6e48 0cb79228 10521988 00000000
0x00ac6df8:   00000563 189fec60 105213e0 00000163
0x00ac6e08:   00ac6e48 0cb7aba8 10521988 00000009
0x00ac6e18:   00ac6e50 74a7df60 e06d7363 00000001
0x00ac6e28:   00000003 00ac6e44 e06d7363 00000001
0x00ac6e38:   00000000 00000000 00000003 19930520 

Instructions: (pc=0x75bdc41f)
0x75bdc40f:   0c eb 03 89 45 c0 8d 45 b0 50 ff 15 5c 11 bd 75
0x75bdc41f:   c9 c2 10 00 cc cc cc cc cc 8b ff 55 8b ec 56 8b 


Stack: [0x002d0000,0x00ad0000],  sp=0x00ac6dc8,  free space=8155k
Native frames: (J=compiled Java code, j=interpreted, Vv=VM code, C=native code)
C  [KERNELBASE.dll+0xc41f]
C  [MSVCR90.dll+0x5df60]
C  [mcr.dll+0x24342]
C  [libut.dll+0x1f913]
C  [libut.dll+0x27824]
C  [libut.dll+0x278c6]
C  [libut.dll+0x1d259]
C  [libuij.dll+0x285b2]
C  [jmi.dll+0x37fba]
j  com.mathworks.jmi.NativeMatlab.processPendingEvents()Z+8
j  com.mathworks.jmi.Matlab$ProcessPendingEvents.callBooleanMethod(Ljava/lang/Object;)Z+0
j  com.mathworks.util.FactoryUtils.processPendingEvents()Z+12
j  com.mathworks.widgets.desk.Desktop.canClose()Z+38
j  com.mathworks.mde.desk.MLDesktop.canClose()Z+113
j  com.mathworks.mde.desk.MLDesktop$2.call()Ljava/lang/Boolean;+4
j  com.mathworks.mde.desk.MLDesktop$2.call()Ljava/lang/Object;+1
j  com.mathworks.jmi.Matlab.isOkToExit()Z+54
v  ~StubRoutines::call_stub
C  0x0c84cf9c
C  0x0c8d41d1
C  0x0c84d01d
C  0x0c855be5
C  0x0c85b632
C  [jmi.dll+0x13c63]
C  [jmi.dll+0x23d8f]
C  [mcr.dll+0x4da01]
C  [mcr.dll+0x4dcce]
C  [mcr.dll+0x4dd66]
C  [mcr.dll+0x4dfff]
C  [m_dispatcher.dll+0xea8c]
C  [m_dispatcher.dll+0xe561]
C  [m_dispatcher.dll+0x15e30]
C  [m_dispatcher.dll+0xea8c]
C  [m_dispatcher.dll+0xe561]
C  [m_interpreter.dll+0xac5b4]
C  [m_interpreter.dll+0xac648]
C  [m_interpreter.dll+0x325838]
C  [m_interpreter.dll+0x325d85]
C  [m_interpreter.dll+0x2691eb]
C  [iqm.dll+0x60265]
C  [iqm.dll+0x60f1a]
C  0x7323591e
C  0x7326334d
C  [iqm.dll+0x47955]
C  [iqm.dll+0x3bdf5]
C  [iqm.dll+0x2fb23]
C  0x73259f1b
C  0x7325acca
C  0x7325afb5
C  0x7325b063
j  com.mathworks.jmi.NativeMatlab.SendMatlabMessage(Ljava/lang/Object;)Ljava/lang/Object;+0
j  com.mathworks.jmi.NativeMatlab.sendMatlabMessage(Ljava/lang/Object;)Ljava/lang/Object;+22
j  com.mathworks.jmi.MatlabLooper.sendMatlabMessage(Lcom/mathworks/services/message/MWMessage;)Ljava/lang/Object;+20
j  com.mathworks.jmi.Matlab.mtFevalConsoleOutput(Ljava/lang/String;[Ljava/lang/Object;I)Ljava/lang/Object;+58
j  com.mathworks.mde.desk.MLDesktop$9.run()V+14
j  com.mathworks.jmi.NativeMatlab.dispatchMTRequests(Z)V+57
v  ~StubRoutines::call_stub
C  0x0c84cf9c
C  0x0c8d41d1
C  0x0c84d01d
C  0x0c855be5
C  0x0c85d932
C  [jmi.dll+0x13fc2]
C  [jmi.dll+0x1a8d2]
C  [jmi.dll+0x1a953]
C  [m_interpreter.dll+0x86807]
C  [m_interpreter.dll+0x86922]
C  [m_interpreter.dll+0x662c7]
C  [m_interpreter.dll+0x682cc]
C  [m_interpreter.dll+0x58989]
C  [m_dispatcher.dll+0xec53]
C  [m_dispatcher.dll+0xe686]
C  [m_interpreter.dll+0x949e5]
C  [m_interpreter.dll+0x84080]
C  [m_interpreter.dll+0x686d1]
C  [m_interpreter.dll+0x32a07d]
C  [m_interpreter.dll+0x73412]
C  [m_interpreter.dll+0x751cd]
C  [m_interpreter.dll+0x77a71]
C  [m_interpreter.dll+0x86807]
C  [m_interpreter.dll+0x86922]
C  [m_interpreter.dll+0x662c7]
C  [m_interpreter.dll+0x682cc]
C  [m_interpreter.dll+0x58989]
C  [m_dispatcher.dll+0xec53]
C  [m_dispatcher.dll+0xe686]
C  [m_interpreter.dll+0x949e5]
C  [m_interpreter.dll+0x84080]
C  [m_interpreter.dll+0x686d1]
C  [m_interpreter.dll+0x32a07d]
C  [m_interpreter.dll+0x73412]
C  [m_interpreter.dll+0x751cd]
C  [m_interpreter.dll+0x77a71]
C  [m_interpreter.dll+0x86807]
C  [m_interpreter.dll+0x86922]
C  [m_interpreter.dll+0x662c7]
C  [m_interpreter.dll+0x682cc]
C  [m_interpreter.dll+0x58989]
C  [m_dispatcher.dll+0xec53]
C  [m_dispatcher.dll+0xe686]
...<more frames>...

Java frames: (J=compiled Java code, j=interpreted, Vv=VM code)
j  com.mathworks.jmi.NativeMatlab.ProcessPendingEvents()Z+0
j  com.mathworks.jmi.NativeMatlab.processPendingEvents()Z+8
j  com.mathworks.jmi.Matlab$ProcessPendingEvents.callBooleanMethod(Ljava/lang/Object;)Z+0
j  com.mathworks.util.FactoryUtils.processPendingEvents()Z+12
j  com.mathworks.widgets.desk.Desktop.canClose()Z+38
j  com.mathworks.mde.desk.MLDesktop.canClose()Z+113
j  com.mathworks.mde.desk.MLDesktop$2.call()Ljava/lang/Boolean;+4
j  com.mathworks.mde.desk.MLDesktop$2.call()Ljava/lang/Object;+1
j  com.mathworks.jmi.Matlab.isOkToExit()Z+54
v  ~StubRoutines::call_stub
j  com.mathworks.jmi.NativeMatlab.SendMatlabMessage(Ljava/lang/Object;)Ljava/lang/Object;+0
j  com.mathworks.jmi.NativeMatlab.sendMatlabMessage(Ljava/lang/Object;)Ljava/lang/Object;+22
j  com.mathworks.jmi.MatlabLooper.sendMatlabMessage(Lcom/mathworks/services/message/MWMessage;)Ljava/lang/Object;+20
j  com.mathworks.jmi.Matlab.mtFevalConsoleOutput(Ljava/lang/String;[Ljava/lang/Object;I)Ljava/lang/Object;+58
j  com.mathworks.mde.desk.MLDesktop$9.run()V+14
j  com.mathworks.jmi.NativeMatlab.dispatchMTRequests(Z)V+57
v  ~StubRoutines::call_stub

---------------  P R O C E S S  ---------------

Java Threads: ( => current thread )
  0x38793000 JavaThread "Image Fetcher 0" daemon [_thread_blocked, id=5888, stack(0x075c0000,0x07640000)]
  0x38797000 JavaThread "RequestQueue for GenericFileList" [_thread_blocked, id=5384, stack(0x0b480000,0x0b500000)]
  0x38796000 JavaThread "Code Analyzer updating thread" [_thread_blocked, id=6128, stack(0x3c460000,0x3c4e0000)]
  0x38794800 JavaThread "Code Analyzer updating thread" [_thread_blocked, id=3460, stack(0x3d230000,0x3d2b0000)]
  0x38795800 JavaThread "Code Analyzer updating thread" [_thread_blocked, id=1792, stack(0x3c8e0000,0x3c960000)]
  0x38795400 JavaThread "Active Reference Queue Daemon" daemon [_thread_blocked, id=2568, stack(0x3c850000,0x3c8d0000)]
  0x38794c00 JavaThread "Timer-6" daemon [_thread_blocked, id=5268, stack(0x3c770000,0x3c7f0000)]
  0x38794000 JavaThread "Timer-5" daemon [_thread_blocked, id=5264, stack(0x3be00000,0x3be80000)]
  0x38792400 JavaThread "Prefs Updater" daemon [_thread_blocked, id=5372, stack(0x3be90000,0x3bf10000)]
  0x38791c00 JavaThread "Timer-1" [_thread_blocked, id=5184, stack(0x3bd70000,0x3bdf0000)]
  0x38791800 JavaThread "FelixPackageAdmin" daemon [_thread_blocked, id=5248, stack(0x3abc0000,0x3ac40000)]
  0x38791000 JavaThread "FelixStartLevel" daemon [_thread_blocked, id=5252, stack(0x37ac0000,0x37b40000)]
  0x3875c400 JavaThread "FelixDispatchQueue" daemon [_thread_blocked, id=5260, stack(0x3a9e0000,0x3aa60000)]
  0x376bd000 JavaThread "TimerQueue" daemon [_thread_blocked, id=6088, stack(0x37eb0000,0x37f30000)]
  0x3760a000 JavaThread "AWT-EventQueue-0" [_thread_blocked, id=4408, stack(0x37d30000,0x37db0000)]
  0x37581800 JavaThread "com.google.common.base.internal.Finalizer" daemon [_thread_blocked, id=4468, stack(0x37c20000,0x37ca0000)]
  0x37553800 JavaThread "AWT-Windows" daemon [_thread_in_native, id=4456, stack(0x37a40000,0x37ac0000)]
  0x37559400 JavaThread "AWT-Shutdown" [_thread_blocked, id=4344, stack(0x07830000,0x078b0000)]
  0x37559000 JavaThread "Java2D Disposer" daemon [_thread_blocked, id=4376, stack(0x36210000,0x36290000)]
  0x3739e400 JavaThread "Timer-0" [_thread_blocked, id=4404, stack(0x0ff60000,0x0ffe0000)]
  0x37221c00 JavaThread "JMI Unnamed Thread" [_thread_in_native, id=776, stack(0x05390000,0x05b90000)]
  0x06aa8c00 JavaThread "Low Memory Detector" daemon [_thread_blocked, id=4436, stack(0x0fd60000,0x0fde0000)]
  0x06aa4000 JavaThread "CompilerThread0" daemon [_thread_blocked, id=4380, stack(0x0f530000,0x0fd30000)]
  0x0f260400 JavaThread "Attach Listener" daemon [_thread_blocked, id=4416, stack(0x0ad90000,0x0ae10000)]
  0x06a84000 JavaThread "Finalizer" daemon [_thread_blocked, id=4424, stack(0x093e0000,0x09460000)]
  0x06a82c00 JavaThread "Reference Handler" daemon [_thread_blocked, id=4440, stack(0x092f0000,0x09370000)]
=>0x06eee400 JavaThread "main" [_thread_in_native, id=5720, stack(0x002d0000,0x00ad0000)]

Other Threads:
  0x06a7fc00 VMThread [stack: 0x0ea40000,0x0f240000] [id=4396]
  0x06aaac00 WatcherThread [stack: 0x36380000,0x36b80000] [id=4400]

VM state:not at safepoint (normal execution)

VM Mutex/Monitor currently owned by a thread: None

Heap
 def new generation   total 27200K, used 9654K [0x10010000, 0x11d90000, 0x18890000)
  eden space 24192K,  39% used [0x10010000, 0x10948da0, 0x117b0000)
  from space 3008K,   7% used [0x11aa0000, 0x11ad4be8, 0x11d90000)
  to   space 3008K,   0% used [0x117b0000, 0x117b0000, 0x11aa0000)
 tenured generation   total 90468K, used 65800K [0x18890000, 0x1e0e9000, 0x32210000)
   the space 90468K,  72% used [0x18890000, 0x1c8d2390, 0x1c8d2400, 0x1e0e9000)
 compacting perm gen  total 37120K, used 37107K [0x32210000, 0x34650000, 0x36210000)
   the space 37120K,  99% used [0x32210000, 0x3464cdc8, 0x3464ce00, 0x34650000)
No shared spaces configured.

Dynamic libraries:
0x01050000 - 0x01076000 	C:\Program Files (x86)\MATLAB\R2011b\bin\win32\matlab.exe
0x77df0000 - 0x77f70000 	C:\Windows\SysWOW64\ntdll.dll
0x75ac0000 - 0x75bd0000 	C:\Windows\syswow64\kernel32.dll
0x75bd0000 - 0x75c17000 	C:\Windows\syswow64\KERNELBASE.dll
0x7ef10000 - 0x7efc8000 	C:\Program Files (x86)\MATLAB\R2011b\bin\win32\libut.dll
0x7dce0000 - 0x7dd4a000 	C:\Program Files (x86)\MATLAB\R2011b\bin\win32\libmwi18n.dll
0x10000000 - 0x10009000 	C:\Program Files (x86)\MATLAB\R2011b\bin\win32\libmwresource_core.dll
0x73af0000 - 0x73b7e000 	C:\Windows\WinSxS\x86_microsoft.vc90.crt_1fc8b3b9a1e18e3b_9.0.30729.6161_none_50934f2ebcb7eb57\MSVCP90.dll
0x74a20000 - 0x74ac3000 	C:\Windows\WinSxS\x86_microsoft.vc90.crt_1fc8b3b9a1e18e3b_9.0.30729.6161_none_50934f2ebcb7eb57\MSVCR90.dll
0x736b0000 - 0x736d3000 	C:\Program Files (x86)\MATLAB\R2011b\bin\win32\boost_filesystem-vc90-mt-1_44.dll
0x73f70000 - 0x73f77000 	C:\Program Files (x86)\MATLAB\R2011b\bin\win32\boost_system-vc90-mt-1_44.dll
0x75a20000 - 0x75ac0000 	C:\Windows\syswow64\ADVAPI32.dll
0x77940000 - 0x779ec000 	C:\Windows\syswow64\msvcrt.dll
0x75e30000 - 0x75e49000 	C:\Windows\SysWOW64\sechost.dll
0x758b0000 - 0x759a0000 	C:\Windows\syswow64\RPCRT4.dll
0x75850000 - 0x758b0000 	C:\Windows\syswow64\SspiCli.dll
0x75840000 - 0x7584c000 	C:\Windows\syswow64\CRYPTBASE.dll
0x73550000 - 0x7356f000 	C:\Program Files (x86)\MATLAB\R2011b\bin\win32\LIBEXPAT.dll
0x72eb0000 - 0x73035000 	C:\Program Files (x86)\MATLAB\R2011b\bin\win32\icuin44.dll
0x7ea10000 - 0x7eb2f000 	C:\Program Files (x86)\MATLAB\R2011b\bin\win32\icuuc44.dll
0x01080000 - 0x01ec1000 	C:\Program Files (x86)\MATLAB\R2011b\bin\win32\icudt44.dll
0x00ca0000 - 0x00d79000 	C:\Program Files (x86)\MATLAB\R2011b\bin\win32\libmwfl.dll
0x73cd0000 - 0x73e78000 	C:\Program Files (x86)\MATLAB\R2011b\bin\win32\libmwMATLAB_res.dll
0x00230000 - 0x0023e000 	C:\Program Files (x86)\MATLAB\R2011b\bin\win32\boost_date_time-vc90-mt-1_44.dll
0x73c80000 - 0x73c8f000 	C:\Program Files (x86)\MATLAB\R2011b\bin\win32\boost_signals-vc90-mt-1_44.dll
0x00260000 - 0x0026e000 	C:\Program Files (x86)\MATLAB\R2011b\bin\win32\boost_thread-vc90-mt-1_44.dll
0x76630000 - 0x7665a000 	C:\Windows\syswow64\imagehlp.dll
0x76c60000 - 0x76c65000 	C:\Windows\syswow64\PSAPI.DLL
0x00280000 - 0x0028f000 	C:\Program Files (x86)\MATLAB\R2011b\bin\win32\icuio44.dll
0x74070000 - 0x7415b000 	C:\Windows\system32\dbghelp.dll
0x76750000 - 0x76850000 	C:\Windows\syswow64\USER32.dll
0x76aa0000 - 0x76b30000 	C:\Windows\syswow64\GDI32.dll
0x762d0000 - 0x762da000 	C:\Windows\syswow64\LPK.dll
0x75e50000 - 0x75eed000 	C:\Windows\syswow64\USP10.dll
0x754e0000 - 0x756bb000 	C:\Program Files (x86)\MATLAB\R2011b\bin\win32\libmwservices.dll
0x7db50000 - 0x7dbd2000 	C:\Program Files (x86)\MATLAB\R2011b\bin\win32\libmx.dll
0x73730000 - 0x73744000 	C:\Program Files (x86)\MATLAB\R2011b\bin\win32\zlib1.dll
0x7e800000 - 0x7e8f6000 	C:\Program Files (x86)\MATLAB\R2011b\bin\win32\libmwmathutil.dll
0x7df40000 - 0x7df76000 	C:\Program Files (x86)\MATLAB\R2011b\bin\win32\mpath.dll
0x72990000 - 0x72ccd000 	C:\Program Files (x86)\MATLAB\R2011b\bin\win32\mlutil.dll
0x73bb0000 - 0x73c0c000 	C:\Program Files (x86)\MATLAB\R2011b\bin\win32\xmlcore.dll
0x71cf0000 - 0x71ea2000 	C:\Program Files (x86)\MATLAB\R2011b\bin\win32\xerces-c_2_7.dll
0x76c70000 - 0x76ca5000 	C:\Windows\syswow64\WS2_32.dll
0x76c50000 - 0x76c56000 	C:\Windows\syswow64\NSI.dll
0x00b20000 - 0x00b31000 	C:\Program Files (x86)\MATLAB\R2011b\bin\win32\libmwsettings_res.dll
0x00b50000 - 0x00b89000 	C:\Program Files (x86)\MATLAB\R2011b\bin\win32\boost_serialization-vc90-mt-1_44.dll
0x00d80000 - 0x00db3000 	C:\Program Files (x86)\MATLAB\R2011b\bin\win32\tbb.dll
0x76cf0000 - 0x7793a000 	C:\Windows\syswow64\SHELL32.dll
0x76860000 - 0x768b7000 	C:\Windows\syswow64\SHLWAPI.dll
0x73a60000 - 0x73ae4000 	C:\Windows\WinSxS\x86_microsoft.windows.common-controls_6595b64144ccf1df_5.82.7601.18201_none_ec80f00e8593ece5\COMCTL32.dll
0x76950000 - 0x769cb000 	C:\Windows\syswow64\COMDLG32.dll
0x00dd0000 - 0x00de1000 	C:\Windows\system32\NETAPI32.dll
0x72110000 - 0x72119000 	C:\Windows\system32\netutils.dll
0x00df0000 - 0x00e09000 	C:\Windows\system32\srvcli.dll
0x722c0000 - 0x722cf000 	C:\Windows\system32\wkscli.dll
0x762f0000 - 0x7644c000 	C:\Windows\syswow64\ole32.dll
0x768c0000 - 0x7694f000 	C:\Windows\syswow64\OLEAUT32.dll
0x00e10000 - 0x00ea0000 	C:\Program Files (x86)\MATLAB\R2011b\bin\win32\mcr.dll
0x7d4b0000 - 0x7d725000 	C:\Program Files (x86)\MATLAB\R2011b\bin\win32\iqm.dll
0x683e0000 - 0x688b1000 	C:\Program Files (x86)\MATLAB\R2011b\bin\win32\m_interpreter.dll
0x73b90000 - 0x73ba1000 	C:\Program Files (x86)\MATLAB\R2011b\bin\win32\libmex.dll
0x739e0000 - 0x73a58000 	C:\Program Files (x86)\MATLAB\R2011b\bin\win32\m_dispatcher.dll
0x00ef0000 - 0x00fac000 	C:\Program Files (x86)\MATLAB\R2011b\bin\win32\boost_regex-vc90-mt-1_44.dll
0x73980000 - 0x739dc000 	C:\Program Files (x86)\MATLAB\R2011b\bin\win32\profiler.dll
0x734f0000 - 0x73517000 	C:\Program Files (x86)\MATLAB\R2011b\bin\win32\libmwmathrng.dll
0x7c390000 - 0x7c426000 	C:\Program Files (x86)\MATLAB\R2011b\bin\win32\libmwmathcore.dll
0x7e000000 - 0x7e04b000 	C:\Program Files (x86)\MATLAB\R2011b\bin\win32\libmwspmatrix.dll
0x7dbf0000 - 0x7dc3b000 	C:\Program Files (x86)\MATLAB\R2011b\bin\win32\libmwcholmod.dll
0x01010000 - 0x0101b000 	C:\Program Files (x86)\MATLAB\R2011b\bin\win32\libmwamd.dll
0x73e80000 - 0x73e8a000 	C:\Program Files (x86)\MATLAB\R2011b\bin\win32\libmwcolamd.dll
0x73960000 - 0x73971000 	C:\Program Files (x86)\MATLAB\R2011b\bin\win32\libmwblas.dll
0x73b80000 - 0x73b8e000 	C:\Program Files (x86)\MATLAB\R2011b\bin\win32\libmwbinder.dll
0x73940000 - 0x73949000 	C:\Program Files (x86)\MATLAB\R2011b\bin\win32\libmwompwrapper.dll
0x73900000 - 0x73938000 	C:\Program Files (x86)\MATLAB\R2011b\bin\win32\libmwlapack.dll
0x738e0000 - 0x738f5000 	C:\Program Files (x86)\MATLAB\R2011b\bin\win32\m_pcodeio.dll
0x7e080000 - 0x7e0ca000 	C:\Program Files (x86)\MATLAB\R2011b\bin\win32\m_ir.dll
0x67eb0000 - 0x683dc000 	C:\Program Files (x86)\MATLAB\R2011b\bin\win32\m_parser.dll
0x738c0000 - 0x738d2000 	C:\Program Files (x86)\MATLAB\R2011b\bin\win32\ir_xfmr.dll
0x01f40000 - 0x020df000 	C:\Program Files (x86)\MATLAB\R2011b\bin\win32\mcos.dll
0x73950000 - 0x7395a000 	C:\Program Files (x86)\MATLAB\R2011b\bin\win32\mtok.dll
0x02100000 - 0x02124000 	C:\Program Files (x86)\MATLAB\R2011b\bin\win32\m_pcodegen.dll
0x7e1c0000 - 0x7e1e7000 	C:\Program Files (x86)\MATLAB\R2011b\bin\win32\libmwbridge.dll
0x70140000 - 0x701d1000 	C:\Program Files (x86)\MATLAB\R2011b\bin\win32\udd.dll
0x68c90000 - 0x68d96000 	C:\Program Files (x86)\MATLAB\R2011b\bin\win32\libmwgui.dll
0x73700000 - 0x73712000 	C:\Program Files (x86)\MATLAB\R2011b\bin\win32\graphics_util.dll
0x67860000 - 0x67eaa000 	C:\Program Files (x86)\MATLAB\R2011b\bin\win32\hg.dll
0x02190000 - 0x021cd000 	C:\Program Files (x86)\MATLAB\R2011b\bin\win32\libmat.dll
0x021e0000 - 0x023c5000 	C:\Program Files (x86)\MATLAB\R2011b\bin\win32\hdf5dll.dll
0x7d9d0000 - 0x7da34000 	C:\Program Files (x86)\MATLAB\R2011b\bin\win32\jmi.dll
0x023f0000 - 0x023fb000 	C:\Program Files (x86)\MATLAB\R2011b\bin\win32\nativejava_services.dll
0x02410000 - 0x02441000 	C:\Program Files (x86)\MATLAB\R2011b\bin\win32\libmwhardcopy.dll
0x70bc0000 - 0x70c04000 	C:\Program Files (x86)\MATLAB\R2011b\bin\win32\libuij.dll
0x68b30000 - 0x68c83000 	C:\Program Files (x86)\MATLAB\R2011b\bin\win32\hgdatatypes.dll
0x68a80000 - 0x68b22000 	C:\Program Files (x86)\MATLAB\R2011b\bin\win32\hgutils.dll
0x701f0000 - 0x70276000 	C:\Program Files (x86)\MATLAB\R2011b\bin\win32\udd_mi.dll
0x74dc0000 - 0x75056000 	C:\Program Files (x86)\MATLAB\R2011b\bin\win32\uiw.dll
0x736f0000 - 0x736fd000 	C:\Program Files (x86)\MATLAB\R2011b\bin\win32\uinone.dll
0x71980000 - 0x71992000 	C:\Windows\system32\MPR.dll
0x674c0000 - 0x6785d000 	C:\Windows\WinSxS\x86_microsoft.vc90.mfc_1fc8b3b9a1e18e3b_9.0.30729.6161_none_4bf7e3e2bf9ada4c\mfc90.dll
0x715b0000 - 0x715b5000 	C:\Windows\system32\MSIMG32.dll
0x75710000 - 0x75761000 	C:\Windows\system32\WINSPOOL.DRV
0x713e0000 - 0x713f8000 	C:\Program Files (x86)\MATLAB\R2011b\bin\win32\mwoles05.DLL
0x700f0000 - 0x7013f000 	C:\Program Files (x86)\MATLAB\R2011b\bin\win32\comcli.dll
0x713b0000 - 0x713db000 	C:\Windows\WinSxS\x86_microsoft.vc90.atl_1fc8b3b9a1e18e3b_9.0.30729.6161_none_51cd0a7abbe4e19b\ATL90.DLL
0x71590000 - 0x71599000 	C:\Program Files (x86)\MATLAB\R2011b\bin\win32\mlautoregister.dll
0x024f0000 - 0x024fd000 	C:\Program Files (x86)\MATLAB\R2011b\bin\win32\boost_iostreams-vc90-mt-1_44.dll
0x75dd0000 - 0x75e30000 	C:\Windows\system32\IMM32.DLL
0x769d0000 - 0x76a9c000 	C:\Windows\syswow64\MSCTF.dll
0x71a10000 - 0x71a90000 	C:\Windows\system32\UxTheme.dll
0x719a0000 - 0x719b3000 	C:\Windows\system32\dwmapi.dll
0x73670000 - 0x7367d000 	C:\Windows\WinSxS\x86_microsoft.vc90.mfcloc_1fc8b3b9a1e18e3b_9.0.30729.6161_none_49768ef57548175e\MFC90ENU.DLL
0x02550000 - 0x0256d000 	C:\Program Files (x86)\MATLAB\R2011b\bin\win32\tbbmalloc.dll
0x73170000 - 0x7317b000 	C:\Windows\system32\profapi.dll
0x71310000 - 0x71313000 	C:\Windows\system32\icmp.Dll
0x73110000 - 0x7312c000 	C:\Windows\system32\iphlpapi.DLL
0x73100000 - 0x73107000 	C:\Windows\system32\WINNSI.DLL
0x71ff0000 - 0x72000000 	C:\Windows\system32\NLAapi.dll
0x71fe0000 - 0x71ff0000 	C:\Windows\system32\napinsp.dll
0x71fc0000 - 0x71fd2000 	C:\Windows\system32\pnrpnsp.dll
0x73070000 - 0x730ac000 	C:\Windows\System32\mswsock.dll
0x72260000 - 0x722a4000 	C:\Windows\system32\DNSAPI.dll
0x71fb0000 - 0x71fb8000 	C:\Windows\System32\winrnr.dll
0x72040000 - 0x72061000 	C:\Program Files (x86)\Bonjour\mdnsNSP.dll
0x72000000 - 0x72038000 	C:\Windows\System32\fwpuclnt.dll
0x721d0000 - 0x721d6000 	C:\Windows\system32\rasadhlp.dll
0x73060000 - 0x73065000 	C:\Windows\System32\wshtcpip.dll
0x74b30000 - 0x74b3d000 	C:\Windows\system32\dhcpcsvc6.DLL
0x72070000 - 0x72082000 	C:\Windows\system32\dhcpcsvc.DLL

VM Arguments:
jvm_args: -Xss512k -XX:PermSize=32m -Xms64m -XX:NewRatio=3 -XX:MaxPermSize=64m -Xmx545m -XX:MaxDirectMemorySize=1200000000 -Dsun.java2d.noddraw=true -Dsun.awt.nopixfmt=true -Xshare:off -Xrs -Dsun.awt.disableMixing=true -Djava.library.path=C:\Program Files (x86)\MATLAB\R2011b\bin\win32 vfprintf abort 
java_command: <unknown>
Launcher Type: generic

Environment Variables:
CLASSPATH=.;C:\Program Files (x86)\Java\jre7\lib\ext\QTJava.zip
PATH=C:\Windows\system32;C:\Windows;C:\Windows\System32\Wbem;C:\Program Files (x86)\MATLAB\R2011b\bin;C:\Program Files\MATLAB\R2011b\bin;c:\Program Files (x86)\Microsoft SQL Server\100\Tools\Binn\;c:\Program Files\Microsoft SQL Server\100\Tools\Binn\;c:\Program Files\Microsoft SQL Server\100\DTS\Binn\;C:\Program Files (x86)\SlikSvn\bin;C:\Program Files (x86)\SR Research\Eyelink\LIBS;C:\Program Files (x86)\SR Research\Eyelink\EDF_Access_API\lib\win32;C:\Program Files (x86)\SR Research\Eyelink\EDF_Access_API\Example;C:\Program Files (x86)\QuickTime\QTSystem\;C:\Windows\System32\WindowsPowerShell\v1.0\;C:\Windows\System32\WindowsPowerShell\v1.0\
USERNAME=Alan Admin
OS=Windows_NT
PROCESSOR_IDENTIFIER=Intel64 Family 6 Model 44 Stepping 2, GenuineIntel



---------------  S Y S T E M  ---------------

OS: Windows 7 Build 7601 Service Pack 1

CPU:total 12 (16 cores per cpu, 2 threads per core) family 6 model 44 stepping 2, cmov, cx8, fxsr, mmx, sse, sse2, sse3, ssse3, sse4.1, sse4.2, ht

Memory: 4k page, physical 4194303k(4194303k free), swap 4194303k(4194303k free)

vm_info: Java HotSpot(TM) Client VM (14.3-b01) for windows-x86 JRE (1.6.0_17-b04), built on Oct 11 2009 00:52:06 by "java_re" with MS VC++ 7.1

time: Wed Feb 12 16:09:15 2014
elapsed time: 14455 seconds

