#
# A fatal error has been detected by the Java Runtime Environment:
#
#  EXCEPTION_ILLEGAL_INSTRUCTION (0xc000001d) at pc=0x0000000033f55421, pid=3836, tid=4260
#
# JRE version: 6.0_17-b04
# Java VM: Java HotSpot(TM) 64-Bit Server VM (14.3-b01 mixed mode windows-amd64 )
# Problematic frame:
# J  sun.java2d.SunGraphics2D.drawChars([CIIII)V
#
# If you would like to submit a bug report, please visit:
#   http://java.sun.com/webapps/bugreport/crash.jsp
#

---------------  T H R E A D  ---------------

Current thread (0x00000000682cc800):  JavaThread "AWT-EventQueue-0" [_thread_in_Java, id=4260, stack(0x00000000afff0000,0x00000000b3ff0000)]

siginfo: ExceptionCode=0xc000001d

Registers:
EAX=0x000000003eeb1d88, EBX=0x0000000000016140, ECX=0x00000000370eaea8, EDX=0x0000000000000001
ESP=0x00000000b3fee678, EBP=0x0000000000020961, ESI=0x0000000000000004, EDI=0x0000000000000000
EIP=0x0000000033f55421, EFLAGS=0x0000000000010293

Top of Stack: (sp=0x00000000b3fee678)
0x00000000b3fee678:   00000000670dc218 000000003fc9ce88
0x00000000b3fee688:   000000003eef8fb8 00000000489d4d78
0x00000000b3fee698:   000000360002092b 0001614000000004
0x00000000b3fee6a8:   0000000041e48c30 000209610003ced8
0x00000000b3fee6b8:   00000000489d5d70 4080000041a00000
0x00000000b3fee6c8:   0000000041000000 000002e80000017c
0x00000000b3fee6d8:   000000003f082608 0000000000000000
0x00000000b3fee6e8:   0000000000000001 00000000489d4d78
0x00000000b3fee6f8:   0000000033f57cbc 000001b400000036
0x00000000b3fee708:   0000000041e48c30 000000040002092b
0x00000000b3fee718:   00000000489d4d78 0000000000000000
0x00000000b3fee728:   000000003eef8f90 00000000489d4d78
0x00000000b3fee738:   0000000000000000 0000000000000000
0x00000000b3fee748:   0000000000000000 0000000000000000
0x00000000b3fee758:   0000000000000000 00000000ffffffff
0x00000000b3fee768:   0000000033e72894 0001614000016140 

Instructions: (pc=0x0000000033f55421)
0x0000000033f55411:   24 40 89 6c 24 44 4c 89 44 24 48 89 5c 24 34 58
0x0000000033f55421:   d4 f3 0f 11 44 24 50 f3 0f 11 54 24 54 44 89 54 


Stack: [0x00000000afff0000,0x00000000b3ff0000],  sp=0x00000000b3fee678,  free space=65529k
Native frames: (J=compiled Java code, j=interpreted, Vv=VM code, C=native code)
J  sun.java2d.SunGraphics2D.drawChars([CIIII)V


---------------  P R O C E S S  ---------------

Java Threads: ( => current thread )
  0x0000000068419000 JavaThread "Timer-2" daemon [_thread_blocked, id=3888, stack(0x0000000117ff0000,0x000000011bff0000)]
  0x0000000068417000 JavaThread "com.jniwrapper.NativeResourceCollector" daemon [_thread_blocked, id=3540, stack(0x000000010bff0000,0x000000010fff0000)]
  0x0000000068414000 JavaThread "Code Analyzer updating thread" [_thread_blocked, id=4660, stack(0x00000000fbff0000,0x00000000ffff0000)]
  0x0000000068413800 JavaThread "Active Reference Queue Daemon" daemon [_thread_blocked, id=4748, stack(0x00000000f7ff0000,0x00000000fbff0000)]
  0x0000000068412000 JavaThread "Timer-1" daemon [_thread_blocked, id=4876, stack(0x00000000efff0000,0x00000000f3ff0000)]
  0x0000000068415800 JavaThread "Swing-Shell" daemon [_thread_blocked, id=1748, stack(0x00000000f3ff0000,0x00000000f7ff0000)]
  0x0000000068411000 JavaThread "ClipboardMonitor Timer" daemon [_thread_blocked, id=4540, stack(0x00000000e3ff0000,0x00000000e7ff0000)]
  0x0000000068410800 JavaThread "Explorer NavigationContext request queue" daemon [_thread_blocked, id=1592, stack(0x00000000dfff0000,0x00000000e3ff0000)]
  0x000000006840e800 JavaThread "AddressBar directory emptiness poller" daemon [_thread_blocked, id=2748, stack(0x00000000d3ff0000,0x00000000d7ff0000)]
  0x000000006840d800 JavaThread "Explorer Refresh Service 1983762179" daemon [_thread_blocked, id=3132, stack(0x00000000cfff0000,0x00000000d3ff0000)]
  0x000000006840d000 JavaThread "TimerQueue" daemon [_thread_blocked, id=5080, stack(0x00000000c3ff0000,0x00000000c7ff0000)]
  0x000000006840c000 JavaThread "Thread-3" daemon [_thread_blocked, id=3588, stack(0x00000000b3ff0000,0x00000000b7ff0000)]
  0x000000006840b800 JavaThread "FelixPackageAdmin" daemon [_thread_blocked, id=4712, stack(0x00000000bfff0000,0x00000000c3ff0000)]
  0x0000000068492000 JavaThread "FelixStartLevel" daemon [_thread_blocked, id=2736, stack(0x00000000bbff0000,0x00000000bfff0000)]
  0x00000000681e2000 JavaThread "FelixDispatchQueue" daemon [_thread_blocked, id=4900, stack(0x00000000b7ff0000,0x00000000bbff0000)]
=>0x00000000682cc800 JavaThread "AWT-EventQueue-0" [_thread_in_Java, id=4260, stack(0x00000000afff0000,0x00000000b3ff0000)]
  0x0000000067f62000 JavaThread "AWT-Shutdown" [_thread_blocked, id=3864, stack(0x000000009fff0000,0x00000000a3ff0000)]
  0x0000000068075000 JavaThread "com.google.common.base.internal.Finalizer" daemon [_thread_blocked, id=2132, stack(0x00000000abff0000,0x00000000afff0000)]
  0x0000000067f62800 JavaThread "AWT-Windows" daemon [_thread_in_native, id=3552, stack(0x00000000a3ff0000,0x00000000a7ff0000)]
  0x0000000067e1d800 JavaThread "Java2D Disposer" daemon [_thread_blocked, id=2544, stack(0x000000009bff0000,0x000000009fff0000)]
  0x0000000067d7d800 JavaThread "Timer-0" [_thread_blocked, id=4232, stack(0x0000000097ff0000,0x000000009bff0000)]
  0x0000000067cc2000 JavaThread "EventMgr Dispatcher" daemon [_thread_in_native, id=1880, stack(0x0000000093ff0000,0x0000000097ff0000)]
  0x0000000016a40800 JavaThread "Low Memory Detector" daemon [_thread_blocked, id=572, stack(0x000000008bff0000,0x000000008fff0000)]
  0x0000000016a3b000 JavaThread "CompilerThread1" daemon [_thread_blocked, id=2216, stack(0x0000000087ff0000,0x000000008bff0000)]
  0x0000000016a26800 JavaThread "CompilerThread0" daemon [_thread_blocked, id=1536, stack(0x0000000083ff0000,0x0000000087ff0000)]
  0x0000000016a25800 JavaThread "Attach Listener" daemon [_thread_blocked, id=1484, stack(0x000000007fff0000,0x0000000083ff0000)]
  0x00000000169c5800 JavaThread "Finalizer" daemon [_thread_blocked, id=3796, stack(0x0000000062f70000,0x0000000066f70000)]
  0x00000000169c4800 JavaThread "Reference Handler" daemon [_thread_blocked, id=5112, stack(0x000000005ef70000,0x0000000062f70000)]
  0x000000000629e800 JavaThread "main" [_thread_in_native, id=4108, stack(0x0000000000030000,0x0000000004030000)]

Other Threads:
  0x00000000169c1000 VMThread [stack: 0x000000005af70000,0x000000005ef70000] [id=3528]
  0x0000000016a66800 WatcherThread [stack: 0x000000008fff0000,0x0000000093ff0000] [id=4844]

VM state:not at safepoint (normal execution)

VM Mutex/Monitor currently owned by a thread: None

Heap
 PSYoungGen      total 15808K, used 12334K [0x0000000047e70000, 0x0000000048e70000, 0x000000004af70000)
  eden space 15232K, 78% used [0x0000000047e70000,0x0000000048a1ba78,0x0000000048d50000)
  from space 576K, 66% used [0x0000000048de0000,0x0000000048e40000,0x0000000048e70000)
  to   space 576K, 0% used [0x0000000048d50000,0x0000000048d50000,0x0000000048de0000)
 PSOldGen        total 112640K, used 62652K [0x000000003eb70000, 0x0000000045970000, 0x0000000047e70000)
  object space 112640K, 55% used [0x000000003eb70000,0x000000004289f1a8,0x0000000045970000)
 PSPermGen       total 125760K, used 69494K [0x0000000036b70000, 0x000000003e640000, 0x000000003eb70000)
  object space 125760K, 55% used [0x0000000036b70000,0x000000003af4db40,0x000000003e640000)

Dynamic libraries:
0x0000000140000000 - 0x0000000140028000 	C:\Program Files\MATLAB\R2013a\bin\win64\matlab.exe
0x0000000076fd0000 - 0x0000000077179000 	C:\Windows\SYSTEM32\ntdll.dll
0x0000000076db0000 - 0x0000000076ecf000 	C:\Windows\system32\kernel32.dll
0x000007fefd000000 - 0x000007fefd06b000 	C:\Windows\system32\KERNELBASE.dll
0x0000000074460000 - 0x0000000074515000 	C:\Program Files\MATLAB\R2013a\bin\win64\libut.dll
0x00000000758a0000 - 0x000000007595f000 	C:\Program Files\MATLAB\R2013a\bin\win64\libmwi18n.dll
0x0000000180000000 - 0x000000018000d000 	C:\Program Files\MATLAB\R2013a\bin\win64\libmwresource_core.dll
0x0000000071580000 - 0x0000000071618000 	C:\Program Files\MATLAB\R2013a\bin\win64\MSVCP100.dll
0x0000000071380000 - 0x0000000071452000 	C:\Program Files\MATLAB\R2013a\bin\win64\MSVCR100.dll
0x0000000071b20000 - 0x0000000071b2e000 	C:\Program Files\MATLAB\R2013a\bin\win64\boost_date_time-vc100-mt-1_49.dll
0x0000000071ac0000 - 0x0000000071aec000 	C:\Program Files\MATLAB\R2013a\bin\win64\boost_filesystem-vc100-mt-1_49.dll
0x0000000071b10000 - 0x0000000071b19000 	C:\Program Files\MATLAB\R2013a\bin\win64\boost_system-vc100-mt-1_49.dll
0x000007fefdb30000 - 0x000007fefdc0b000 	C:\Windows\system32\ADVAPI32.dll
0x000007fefda20000 - 0x000007fefdabf000 	C:\Windows\system32\msvcrt.dll
0x000007fefdac0000 - 0x000007fefdadf000 	C:\Windows\SYSTEM32\sechost.dll
0x000007fefe050000 - 0x000007fefe17d000 	C:\Windows\system32\RPCRT4.dll
0x0000000071550000 - 0x0000000071575000 	C:\Program Files\MATLAB\R2013a\bin\win64\LIBEXPAT.dll
0x000000006f390000 - 0x000000006f51a000 	C:\Program Files\MATLAB\R2013a\bin\win64\icuin49.dll
0x000000006f9f0000 - 0x000000006fb2e000 	C:\Program Files\MATLAB\R2013a\bin\win64\icuuc49.dll
0x000000006a660000 - 0x000000006b782000 	C:\Program Files\MATLAB\R2013a\bin\win64\icudt49.dll
0x0000000071ab0000 - 0x0000000071ac0000 	C:\Program Files\MATLAB\R2013a\bin\win64\icuio49.dll
0x0000000073f70000 - 0x0000000074112000 	C:\Program Files\MATLAB\R2013a\bin\win64\libmwfl.dll
0x000000007a350000 - 0x000000007a737000 	C:\Program Files\MATLAB\R2013a\bin\win64\libmwMATLAB_res.dll
0x000000006f910000 - 0x000000006f9ef000 	C:\Program Files\MATLAB\R2013a\bin\win64\boost_regex-vc100-mt-1_49.dll
0x0000000076ed0000 - 0x0000000076fca000 	C:\Windows\system32\USER32.dll
0x000007fefe180000 - 0x000007fefe1e7000 	C:\Windows\system32\GDI32.dll
0x000007fefdcb0000 - 0x000007fefdcbe000 	C:\Windows\system32\LPK.dll
0x000007fefdf60000 - 0x000007fefe029000 	C:\Windows\system32\USP10.dll
0x0000000071a90000 - 0x0000000071aa1000 	C:\Program Files\MATLAB\R2013a\bin\win64\boost_signals-vc100-mt-1_49.dll
0x0000000070320000 - 0x0000000070331000 	C:\Program Files\MATLAB\R2013a\bin\win64\boost_thread-vc100-mt-1_49.dll
0x000007fef1bb0000 - 0x000007fef1c3c000 	C:\Program Files\MATLAB\R2013a\bin\win64\boost_log-vc100-mt-1_49.dll
0x0000000077190000 - 0x0000000077197000 	C:\Windows\system32\PSAPI.DLL
0x000007fefdae0000 - 0x000007fefdb2d000 	C:\Windows\system32\WS2_32.dll
0x000007fefdf50000 - 0x000007fefdf58000 	C:\Windows\system32\NSI.dll
0x000007fef3ba0000 - 0x000007fef3bd3000 	C:\Program Files\MATLAB\R2013a\bin\win64\tbb.dll
0x000007fefe030000 - 0x000007fefe049000 	C:\Windows\system32\imagehlp.dll
0x000007fefb6e0000 - 0x000007fefb70c000 	C:\Windows\system32\POWRPROF.dll
0x000007fefd1e0000 - 0x000007fefd3b7000 	C:\Windows\system32\SETUPAPI.dll
0x000007fefd150000 - 0x000007fefd186000 	C:\Windows\system32\CFGMGR32.dll
0x000007feff000000 - 0x000007feff0d7000 	C:\Windows\system32\OLEAUT32.dll
0x000007fefdd40000 - 0x000007fefdf43000 	C:\Windows\system32\ole32.dll
0x000007fefd1a0000 - 0x000007fefd1ba000 	C:\Windows\system32\DEVOBJ.dll
0x0000000004200000 - 0x0000000004221000 	C:\Program Files\MATLAB\R2013a\bin\win64\libmwmfl_scalar.dll
0x000007fef7d40000 - 0x000007fef7e65000 	C:\Windows\system32\dbghelp.dll
0x0000000004230000 - 0x000000000455f000 	C:\Program Files\MATLAB\R2013a\bin\win64\libmwservices.dll
0x0000000075a20000 - 0x0000000075b0b000 	C:\Program Files\MATLAB\R2013a\bin\win64\libmx.dll
0x000007fef3ca0000 - 0x000007fef3cc8000 	C:\Program Files\MATLAB\R2013a\bin\win64\tbbmalloc.dll
0x0000000070300000 - 0x0000000070317000 	C:\Program Files\MATLAB\R2013a\bin\win64\zlib1.dll
0x0000000004560000 - 0x00000000045ae000 	C:\Program Files\MATLAB\R2013a\bin\win64\libmwregexp.dll
0x0000000075f10000 - 0x0000000075f57000 	C:\Program Files\MATLAB\R2013a\bin\win64\mpath.dll
0x000000007b680000 - 0x000000007bc66000 	C:\Program Files\MATLAB\R2013a\bin\win64\mlutil.dll
0x00000000754d0000 - 0x0000000075547000 	C:\Program Files\MATLAB\R2013a\bin\win64\xmlcore.dll
0x000000006f140000 - 0x000000006f381000 	C:\Program Files\MATLAB\R2013a\bin\win64\xerces-c_2_7.dll
0x00000000045c0000 - 0x00000000045e2000 	C:\Program Files\MATLAB\R2013a\bin\win64\libmwMATLAB_settings_res.dll
0x000007fef9e80000 - 0x000007fef9e90000 	C:\Program Files\MATLAB\R2013a\bin\win64\boost_iostreams-vc100-mt-1_49.dll
0x000007fef28c0000 - 0x000007fef2906000 	C:\Program Files\MATLAB\R2013a\bin\win64\boost_serialization-vc100-mt-1_49.dll
0x000007fefe1f0000 - 0x000007fefef78000 	C:\Windows\system32\SHELL32.dll
0x000007fefef80000 - 0x000007fefeff1000 	C:\Windows\system32\SHLWAPI.dll
0x00000000045f0000 - 0x00000000045f6000 	C:\Program Files\MATLAB\R2013a\bin\win64\libmwnativedisplay.dll
0x000007fef9180000 - 0x000007fef9220000 	C:\Windows\WinSxS\amd64_microsoft.windows.common-controls_6595b64144ccf1df_5.82.7601.18201_none_a4d3b9377117c3df\COMCTL32.dll
0x000007fefdc10000 - 0x000007fefdca7000 	C:\Windows\system32\COMDLG32.dll
0x000007fefac80000 - 0x000007fefac96000 	C:\Windows\system32\NETAPI32.dll
0x000007fefac70000 - 0x000007fefac7c000 	C:\Windows\system32\netutils.dll
0x000007fefc900000 - 0x000007fefc923000 	C:\Windows\system32\srvcli.dll
0x000007fefac50000 - 0x000007fefac65000 	C:\Windows\system32\wkscli.dll
0x0000000074970000 - 0x0000000074a18000 	C:\Program Files\MATLAB\R2013a\bin\win64\mcr.dll
0x0000000075000000 - 0x00000000753b1000 	C:\Program Files\MATLAB\R2013a\bin\win64\iqm.dll
0x0000000074e80000 - 0x0000000074f30000 	C:\Program Files\MATLAB\R2013a\bin\win64\m_dispatcher.dll
0x0000000004600000 - 0x0000000004e08000 	C:\Program Files\MATLAB\R2013a\bin\win64\m_interpreter.dll
0x0000000004e10000 - 0x0000000004e34000 	C:\Program Files\MATLAB\R2013a\bin\win64\libmex.dll
0x0000000075430000 - 0x00000000754ab000 	C:\Program Files\MATLAB\R2013a\bin\win64\profiler.dll
0x0000000004e40000 - 0x00000000050c3000 	C:\Program Files\MATLAB\R2013a\bin\win64\libmwmathutil.dll
0x0000000079f40000 - 0x0000000079f66000 	C:\Program Files\MATLAB\R2013a\bin\win64\libmwmathrng.dll
0x00000000050d0000 - 0x00000000050e0000 	C:\Program Files\MATLAB\R2013a\bin\win64\libmwmfl_rng.dll
0x0000000074c10000 - 0x0000000074cf8000 	C:\Program Files\MATLAB\R2013a\bin\win64\libmwmathcore.dll
0x0000000076160000 - 0x00000000761c3000 	C:\Program Files\MATLAB\R2013a\bin\win64\libmwspmatrix.dll
0x000000007b0a0000 - 0x000000007b2f6000 	C:\Program Files\MATLAB\R2013a\bin\win64\mcos.dll
0x0000000075ea0000 - 0x0000000075f02000 	C:\Program Files\MATLAB\R2013a\bin\win64\libmwcholmod.dll
0x00000000050f0000 - 0x00000000050fd000 	C:\Program Files\MATLAB\R2013a\bin\win64\libmwamd.dll
0x0000000070250000 - 0x00000000702f3000 	C:\Windows\WinSxS\amd64_microsoft.vc90.crt_1fc8b3b9a1e18e3b_9.0.30729.6161_none_08e61857a83bc251\MSVCR90.dll
0x0000000005110000 - 0x000000000511c000 	C:\Program Files\MATLAB\R2013a\bin\win64\libmwcolamd.dll
0x000000007a290000 - 0x000000007a2a3000 	C:\Program Files\MATLAB\R2013a\bin\win64\libmwblas.dll
0x000000007a310000 - 0x000000007a325000 	C:\Program Files\MATLAB\R2013a\bin\win64\libmwbinder.dll
0x0000000005130000 - 0x000000000513b000 	C:\Program Files\MATLAB\R2013a\bin\win64\libmwompwrapper.dll
0x0000000075820000 - 0x000000007589e000 	C:\Program Files\MATLAB\R2013a\bin\win64\libmwlapack.dll
0x000000007a1b0000 - 0x000000007a1d0000 	C:\Program Files\MATLAB\R2013a\bin\win64\m_pcodeio.dll
0x0000000079b10000 - 0x0000000079b6c000 	C:\Program Files\MATLAB\R2013a\bin\win64\m_ir.dll
0x0000000078ed0000 - 0x0000000079579000 	C:\Program Files\MATLAB\R2013a\bin\win64\m_parser.dll
0x000000007a2f0000 - 0x000000007a307000 	C:\Program Files\MATLAB\R2013a\bin\win64\ir_xfmr.dll
0x0000000005140000 - 0x0000000005150000 	C:\Program Files\MATLAB\R2013a\bin\win64\mtok.dll
0x000000007a130000 - 0x000000007a158000 	C:\Program Files\MATLAB\R2013a\bin\win64\m_pcodegen.dll
0x0000000079fb0000 - 0x0000000079fdf000 	C:\Program Files\MATLAB\R2013a\bin\win64\libmwbridge.dll
0x0000000074f40000 - 0x0000000074ff6000 	C:\Program Files\MATLAB\R2013a\bin\win64\udd.dll
0x0000000073cc0000 - 0x0000000073e0e000 	C:\Program Files\MATLAB\R2013a\bin\win64\libmwgui.dll
0x000000007a1d0000 - 0x000000007a1f4000 	C:\Program Files\MATLAB\R2013a\bin\win64\graphics_util.dll
0x000007fef1af0000 - 0x000007fef1ba8000 	C:\Program Files\MATLAB\R2013a\bin\win64\libtex_base.dll
0x0000000005150000 - 0x0000000005a93000 	C:\Program Files\MATLAB\R2013a\bin\win64\hg.dll
0x0000000076100000 - 0x000000007615a000 	C:\Program Files\MATLAB\R2013a\bin\win64\libmat.dll
0x0000000072d30000 - 0x0000000072f38000 	C:\Program Files\MATLAB\R2013a\bin\win64\hdf5dll.dll
0x0000000075710000 - 0x00000000757d8000 	C:\Program Files\MATLAB\R2013a\bin\win64\jmi.dll
0x0000000005ab0000 - 0x0000000005abe000 	C:\Program Files\MATLAB\R2013a\bin\win64\nativejava_services.dll
0x0000000005ac0000 - 0x0000000005b00000 	C:\Program Files\MATLAB\R2013a\bin\win64\libmwhardcopy.dll
0x0000000075c70000 - 0x0000000075cce000 	C:\Program Files\MATLAB\R2013a\bin\win64\libuij.dll
0x0000000072f50000 - 0x000000007318f000 	C:\Program Files\MATLAB\R2013a\bin\win64\hgdatatypes.dll
0x0000000005b00000 - 0x0000000005beb000 	C:\Program Files\MATLAB\R2013a\bin\win64\hgutils.dll
0x0000000005bf0000 - 0x0000000005c9e000 	C:\Program Files\MATLAB\R2013a\bin\win64\udd_mi.dll
0x0000000005ca0000 - 0x0000000005cd6000 	C:\Program Files\MATLAB\R2013a\bin\win64\libmwgbtutils.dll
0x0000000005ce0000 - 0x0000000005cf4000 	C:\Program Files\MATLAB\R2013a\bin\win64\libmwgbt.dll
0x0000000005d00000 - 0x0000000005fce000 	C:\Program Files\MATLAB\R2013a\bin\win64\uiw.dll
0x0000000005fd0000 - 0x0000000005fd9000 	C:\Program Files\MATLAB\R2013a\bin\win64\uinone.dll
0x0000000005fe0000 - 0x0000000006006000 	C:\Program Files\MATLAB\R2013a\bin\win64\libmwnativefiledialogs.dll
0x0000000006010000 - 0x000000000601c000 	C:\Program Files\MATLAB\R2013a\bin\win64\libmwplatform_res.dll
0x000007fef9de0000 - 0x000007fef9df8000 	C:\Windows\system32\MPR.dll
0x000000006ebe0000 - 0x000000006f13d000 	C:\Program Files\MATLAB\R2013a\bin\win64\mfc100.dll
0x000007fef9980000 - 0x000007fef9987000 	C:\Windows\system32\MSIMG32.dll
0x000007fef90d0000 - 0x000007fef9141000 	C:\Windows\system32\WINSPOOL.DRV
0x0000000006020000 - 0x000000000603d000 	C:\Program Files\MATLAB\R2013a\bin\win64\mwoles05.DLL
0x0000000006040000 - 0x00000000060ac000 	C:\Program Files\MATLAB\R2013a\bin\win64\comcli.dll
0x000000006f8e0000 - 0x000000006f90b000 	C:\Program Files\MATLAB\R2013a\bin\win64\ATL100.DLL
0x00000000060b0000 - 0x00000000060bc000 	C:\Program Files\MATLAB\R2013a\bin\win64\mlautoregister.dll
0x00000000060c0000 - 0x0000000006216000 	C:\Program Files\MATLAB\R2013a\bin\win64\mvm.dll
0x000007fefd760000 - 0x000007fefd78e000 	C:\Windows\system32\IMM32.DLL
0x000007fefd420000 - 0x000007fefd529000 	C:\Windows\system32\MSCTF.dll
0x000007fefb350000 - 0x000007fefb3a6000 	C:\Windows\system32\UxTheme.dll
0x000007fefb290000 - 0x000007fefb2a8000 	C:\Windows\system32\dwmapi.dll
0x0000000071540000 - 0x000000007154d000 	C:\Program Files\MATLAB\R2013a\bin\win64\MFC100ENU.DLL
0x00000000062a0000 - 0x00000000062ee000 	C:\Program Files\MATLAB\R2013a\bin\win64\MVMLocal.dll
0x0000000078870000 - 0x0000000078ecd000 	C:\Program Files\MATLAB\R2013a\sys\java\jre\win64\jre\bin\server\jvm.dll

VM Arguments:
jvm_args: -XX:PermSize=32m -Xms64m -XX:NewRatio=3 -XX:MaxPermSize=128m -Xmx196m -XX:MaxDirectMemorySize=2147400000 -Dsun.java2d.noddraw=true -Dsun.awt.nopixfmt=true -Xshare:off -Xrs -Dsun.awt.disableMixing=true -Djava.library.path=C:\Program Files\MATLAB\R2013a\bin\win64;C:\Program Files\MATLAB\R2013a\sys\jxbrowser\win64\lib vfprintf abort 
java_command: <unknown>
Launcher Type: generic

Environment Variables:
PATH=C:\gstreamer-sdk\0.10\x86_64\bin;C:\Program Files\Common Files\Microsoft Shared\Windows Live;C:\Program Files (x86)\Common Files\Microsoft Shared\Windows Live;C:\Windows\system32;C:\Windows;C:\Windows\System32\Wbem;C:\Windows\System32\WindowsPowerShell\v1.0\;C:\Program Files (x86)\QT Lite\QTSystem;C:\Program Files\IBM\SPSS\Statistics\21\JRE\bin;C:\Program Files\MATLAB\R2013a\bin;C:\Program Files\MATLAB\R2011b\bin;C:\Program Files (x86)\MATLAB\R2011b\bin;C:\Program Files (x86)\Windows Live\Shared;C:\Program Files (x86)\SFS\Program;C:\Program Files\Perforce
USERNAME=Fintan
OS=Windows_NT
PROCESSOR_IDENTIFIER=Intel64 Family 6 Model 23 Stepping 10, GenuineIntel



---------------  S Y S T E M  ---------------

OS: Windows 7 Build 7601 Service Pack 1

CPU:total 4 (4 cores per cpu, 1 threads per core) family 6 model 23 stepping 10, cmov, cx8, fxsr, mmx, sse, sse2, sse3, ssse3, sse4.1

Memory: 4k page, physical 4126328k(1663208k free), swap 8250792k(4474700k free)

vm_info: Java HotSpot(TM) 64-Bit Server VM (14.3-b01) for windows-amd64 JRE (1.6.0_17-b04), built on Oct 11 2009 00:46:08 by "java_re" with MS VC++ 8.0

time: Wed May 07 15:38:37 2014
elapsed time: 1433 seconds

